[1029/221510.585:ERROR:directory_reader_win.cc(43)] FindFirstFile: The system cannot find the path specified. (0x3)
[1030/123025.894:ERROR:directory_reader_win.cc(43)] FindFirstFile: The system cannot find the path specified. (0x3)
[1030/124322.280:ERROR:directory_reader_win.cc(43)] FindFirstFile: The system cannot find the path specified. (0x3)
[1030/125558.402:ERROR:directory_reader_win.cc(43)] FindFirstFile: The system cannot find the path specified. (0x3)
[1030/135937.155:ERROR:directory_reader_win.cc(43)] FindFirstFile: The system cannot find the path specified. (0x3)
[1030/142257.953:ERROR:directory_reader_win.cc(43)] FindFirstFile: The system cannot find the path specified. (0x3)
[1101/222506.889:ERROR:directory_reader_win.cc(43)] FindFirstFile: The system cannot find the path specified. (0x3)
[1101/223312.600:ERROR:directory_reader_win.cc(43)] FindFirstFile: The system cannot find the path specified. (0x3)
[1101/224327.871:ERROR:directory_reader_win.cc(43)] FindFirstFile: The system cannot find the path specified. (0x3)
[1101/225214.744:ERROR:directory_reader_win.cc(43)] FindFirstFile: The system cannot find the path specified. (0x3)
[1102/094159.538:ERROR:directory_reader_win.cc(43)] FindFirstFile: The system cannot find the path specified. (0x3)
[1102/101023.872:ERROR:directory_reader_win.cc(43)] FindFirstFile: The system cannot find the path specified. (0x3)
[1102/103228.684:ERROR:directory_reader_win.cc(43)] FindFirstFile: The system cannot find the path specified. (0x3)
[1102/110546.817:ERROR:directory_reader_win.cc(43)] FindFirstFile: The system cannot find the path specified. (0x3)
[1102/124434.702:ERROR:directory_reader_win.cc(43)] FindFirstFile: The system cannot find the path specified. (0x3)
[1102/131225.815:ERROR:directory_reader_win.cc(43)] FindFirstFile: The system cannot find the path specified. (0x3)
[1102/132442.372:ERROR:directory_reader_win.cc(43)] FindFirstFile: The system cannot find the path specified. (0x3)
[1102/133324.430:ERROR:directory_reader_win.cc(43)] FindFirstFile: The system cannot find the path specified. (0x3)
[1102/174852.798:ERROR:directory_reader_win.cc(43)] FindFirstFile: The system cannot find the path specified. (0x3)
[1102/182416.111:ERROR:directory_reader_win.cc(43)] FindFirstFile: The system cannot find the path specified. (0x3)
[1102/182515.223:ERROR:directory_reader_win.cc(43)] FindFirstFile: The system cannot find the path specified. (0x3)
[1102/212846.843:ERROR:directory_reader_win.cc(43)] FindFirstFile: The system cannot find the path specified. (0x3)
[1102/215812.836:ERROR:process_reader_win.cc(151)] SuspendThread: Access is denied. (0x5)
[1102/215812.837:ERROR:process_reader_win.cc(151)] SuspendThread: Access is denied. (0x5)
[1102/215812.837:ERROR:process_reader_win.cc(151)] SuspendThread: Access is denied. (0x5)
[1102/215812.837:ERROR:process_reader_win.cc(151)] SuspendThread: Access is denied. (0x5)
[1102/215812.837:ERROR:process_reader_win.cc(151)] SuspendThread: Access is denied. (0x5)
[1102/215812.837:ERROR:process_reader_win.cc(151)] SuspendThread: Access is denied. (0x5)
[1102/215812.837:ERROR:process_reader_win.cc(151)] SuspendThread: Access is denied. (0x5)
[1102/215812.837:ERROR:process_reader_win.cc(151)] SuspendThread: Access is denied. (0x5)
[1102/215812.837:ERROR:process_reader_win.cc(151)] SuspendThread: Access is denied. (0x5)
[1102/215812.838:ERROR:process_reader_win.cc(151)] SuspendThread: Access is denied. (0x5)
[1102/215812.838:ERROR:process_reader_win.cc(151)] SuspendThread: Access is denied. (0x5)
[1102/215812.838:ERROR:process_reader_win.cc(151)] SuspendThread: Access is denied. (0x5)
[1102/215812.838:ERROR:process_reader_win.cc(151)] SuspendThread: Access is denied. (0x5)
[1102/215812.838:ERROR:process_reader_win.cc(151)] SuspendThread: Access is denied. (0x5)
[1102/215812.838:ERROR:process_reader_win.cc(123)] NtOpenThread: {Access Denied} A process has requested access to an object, but has not been granted those access rights. (0xc0000022)
[1102/215812.837:ERROR:process_reader_win.cc(123)] NtOpenThread: {Access Denied} A process has requested access to an object, but has not been granted those access rights. (0xc0000022)
[1102/215812.838:ERROR:exception_snapshot_win.cc(99)] thread ID 16620 not found in process
[1102/215812.838:ERROR:exception_snapshot_win.cc(99)] thread ID 12340 not found in process
[1102/215812.838:ERROR:process_reader_win.cc(123)] NtOpenThread: {Access Denied} A process has requested access to an object, but has not been granted those access rights. (0xc0000022)
[1102/215812.838:ERROR:exception_snapshot_win.cc(99)] thread ID 13728 not found in process
[1102/215812.842:ERROR:process_reader_win.cc(151)] SuspendThread: Access is denied. (0x5)
[1102/215812.842:ERROR:process_reader_win.cc(151)] SuspendThread: Access is denied. (0x5)
[1102/215812.842:ERROR:process_reader_win.cc(123)] NtOpenThread: {Access Denied} A process has requested access to an object, but has not been granted those access rights. (0xc0000022)
[1102/215812.842:ERROR:exception_snapshot_win.cc(99)] thread ID 4660 not found in process
[1102/215812.864:ERROR:process_reader_win.cc(151)] SuspendThread: Access is denied. (0x5)
[1102/215812.865:ERROR:process_reader_win.cc(151)] SuspendThread: Access is denied. (0x5)
[1102/215812.865:ERROR:process_reader_win.cc(123)] NtOpenThread: {Access Denied} A process has requested access to an object, but has not been granted those access rights. (0xc0000022)
[1102/215812.865:ERROR:exception_snapshot_win.cc(99)] thread ID 11400 not found in process
[1102/215812.886:ERROR:process_reader_win.cc(151)] SuspendThread: Access is denied. (0x5)
[1102/215812.886:ERROR:process_reader_win.cc(151)] SuspendThread: Access is denied. (0x5)
[1102/215812.886:ERROR:process_reader_win.cc(151)] SuspendThread: Access is denied. (0x5)
[1102/215812.886:ERROR:process_reader_win.cc(151)] SuspendThread: Access is denied. (0x5)
[1102/215812.886:ERROR:process_reader_win.cc(151)] SuspendThread: Access is denied. (0x5)
[1102/215812.886:ERROR:process_reader_win.cc(151)] SuspendThread: Access is denied. (0x5)
[1102/215812.886:ERROR:process_reader_win.cc(151)] SuspendThread: Access is denied. (0x5)
[1102/215812.886:ERROR:process_reader_win.cc(151)] SuspendThread: Access is denied. (0x5)
[1102/215812.886:ERROR:process_reader_win.cc(151)] SuspendThread: Access is denied. (0x5)
[1102/215812.886:ERROR:process_reader_win.cc(151)] SuspendThread: Access is denied. (0x5)
[1102/215812.886:ERROR:process_reader_win.cc(151)] SuspendThread: Access is denied. (0x5)
[1102/215812.886:ERROR:process_reader_win.cc(123)] NtOpenThread: {Access Denied} A process has requested access to an object, but has not been granted those access rights. (0xc0000022)
[1102/215812.886:ERROR:exception_snapshot_win.cc(99)] thread ID 4640 not found in process
[1102/215812.894:ERROR:process_reader_win.cc(151)] SuspendThread: Access is denied. (0x5)
[1102/215812.894:ERROR:process_reader_win.cc(151)] SuspendThread: Access is denied. (0x5)
[1102/215812.894:ERROR:process_reader_win.cc(151)] SuspendThread: Access is denied. (0x5)
[1102/215812.894:ERROR:process_reader_win.cc(151)] SuspendThread: Access is denied. (0x5)
[1102/215812.894:ERROR:process_reader_win.cc(151)] SuspendThread: Access is denied. (0x5)
[1102/215812.894:ERROR:process_reader_win.cc(151)] SuspendThread: Access is denied. (0x5)
[1102/215812.894:ERROR:process_reader_win.cc(151)] SuspendThread: Access is denied. (0x5)
[1102/215812.894:ERROR:process_reader_win.cc(151)] SuspendThread: Access is denied. (0x5)
[1102/215812.894:ERROR:process_reader_win.cc(151)] SuspendThread: Access is denied. (0x5)
[1102/215812.894:ERROR:process_reader_win.cc(151)] SuspendThread: Access is denied. (0x5)
[1102/215812.894:ERROR:process_reader_win.cc(151)] SuspendThread: Access is denied. (0x5)
[1102/215812.894:ERROR:process_reader_win.cc(123)] NtOpenThread: {Access Denied} A process has requested access to an object, but has not been granted those access rights. (0xc0000022)
[1102/215812.894:ERROR:exception_snapshot_win.cc(99)] thread ID 2616 not found in process
[1102/215812.898:ERROR:process_reader_win.cc(151)] SuspendThread: Access is denied. (0x5)
[1102/215812.898:ERROR:process_reader_win.cc(151)] SuspendThread: Access is denied. (0x5)
[1102/215812.898:ERROR:process_reader_win.cc(151)] SuspendThread: Access is denied. (0x5)
[1102/215812.898:ERROR:process_reader_win.cc(151)] SuspendThread: Access is denied. (0x5)
[1102/215812.898:ERROR:process_reader_win.cc(151)] SuspendThread: Access is denied. (0x5)
[1102/215812.898:ERROR:process_reader_win.cc(151)] SuspendThread: Access is denied. (0x5)
[1102/215812.898:ERROR:process_reader_win.cc(151)] SuspendThread: Access is denied. (0x5)
[1102/215812.898:ERROR:process_reader_win.cc(151)] SuspendThread: Access is denied. (0x5)
[1102/215812.898:ERROR:process_reader_win.cc(151)] SuspendThread: Access is denied. (0x5)
[1102/215812.899:ERROR:process_reader_win.cc(151)] SuspendThread: Access is denied. (0x5)
[1102/215812.899:ERROR:process_reader_win.cc(151)] SuspendThread: Access is denied. (0x5)
[1102/215812.899:ERROR:process_reader_win.cc(151)] SuspendThread: Access is denied. (0x5)
[1102/215812.899:ERROR:process_reader_win.cc(123)] NtOpenThread: {Access Denied} A process has requested access to an object, but has not been granted those access rights. (0xc0000022)
[1102/215812.899:ERROR:exception_snapshot_win.cc(99)] thread ID 18760 not found in process
[1102/215812.917:ERROR:process_reader_win.cc(151)] SuspendThread: Access is denied. (0x5)
[1102/215812.917:ERROR:process_reader_win.cc(151)] SuspendThread: Access is denied. (0x5)
[1102/215812.917:ERROR:process_reader_win.cc(151)] SuspendThread: Access is denied. (0x5)
[1102/215812.917:ERROR:process_reader_win.cc(151)] SuspendThread: Access is denied. (0x5)
[1102/215812.917:ERROR:process_reader_win.cc(151)] SuspendThread: Access is denied. (0x5)
[1102/215812.917:ERROR:process_reader_win.cc(151)] SuspendThread: Access is denied. (0x5)
[1102/215812.917:ERROR:process_reader_win.cc(151)] SuspendThread: Access is denied. (0x5)
[1102/215812.917:ERROR:process_reader_win.cc(151)] SuspendThread: Access is denied. (0x5)
[1102/215812.917:ERROR:process_reader_win.cc(151)] SuspendThread: Access is denied. (0x5)
[1102/215812.917:ERROR:process_reader_win.cc(151)] SuspendThread: Access is denied. (0x5)
[1102/215812.917:ERROR:process_reader_win.cc(151)] SuspendThread: Access is denied. (0x5)
[1102/215812.917:ERROR:process_reader_win.cc(151)] SuspendThread: Access is denied. (0x5)
[1102/215812.917:ERROR:process_reader_win.cc(151)] SuspendThread: Access is denied. (0x5)
[1102/215812.917:ERROR:process_reader_win.cc(123)] NtOpenThread: {Access Denied} A process has requested access to an object, but has not been granted those access rights. (0xc0000022)
[1102/215812.917:ERROR:exception_snapshot_win.cc(99)] thread ID 7156 not found in process
[1102/215812.920:ERROR:process_reader_win.cc(151)] SuspendThread: Access is denied. (0x5)
[1102/215812.920:ERROR:process_reader_win.cc(151)] SuspendThread: Access is denied. (0x5)
[1102/215812.921:ERROR:process_reader_win.cc(151)] SuspendThread: Access is denied. (0x5)
[1102/215812.921:ERROR:process_reader_win.cc(151)] SuspendThread: Access is denied. (0x5)
[1102/215812.921:ERROR:process_reader_win.cc(151)] SuspendThread: Access is denied. (0x5)
[1102/215812.921:ERROR:process_reader_win.cc(151)] SuspendThread: Access is denied. (0x5)
[1102/215812.921:ERROR:process_reader_win.cc(151)] SuspendThread: Access is denied. (0x5)
[1102/215812.921:ERROR:process_reader_win.cc(151)] SuspendThread: Access is denied. (0x5)
[1102/215812.921:ERROR:process_reader_win.cc(151)] SuspendThread: Access is denied. (0x5)
[1102/215812.921:ERROR:process_reader_win.cc(151)] SuspendThread: Access is denied. (0x5)
[1102/215812.921:ERROR:process_reader_win.cc(151)] SuspendThread: Access is denied. (0x5)
[1102/215812.921:ERROR:process_reader_win.cc(151)] SuspendThread: Access is denied. (0x5)
[1102/215812.921:ERROR:process_reader_win.cc(151)] SuspendThread: Access is denied. (0x5)
[1102/215812.921:ERROR:process_reader_win.cc(151)] SuspendThread: Access is denied. (0x5)
[1102/215812.921:ERROR:process_reader_win.cc(151)] SuspendThread: Access is denied. (0x5)
[1102/215812.921:ERROR:process_reader_win.cc(151)] SuspendThread: Access is denied. (0x5)
[1102/215812.921:ERROR:process_reader_win.cc(123)] NtOpenThread: {Access Denied} A process has requested access to an object, but has not been granted those access rights. (0xc0000022)
[1102/215812.921:ERROR:exception_snapshot_win.cc(99)] thread ID 7152 not found in process
[1102/215812.922:ERROR:process_reader_win.cc(151)] SuspendThread: Access is denied. (0x5)
[1102/215812.923:ERROR:process_reader_win.cc(151)] SuspendThread: Access is denied. (0x5)
[1102/215812.923:ERROR:process_reader_win.cc(151)] SuspendThread: Access is denied. (0x5)
[1102/215812.923:ERROR:process_reader_win.cc(151)] SuspendThread: Access is denied. (0x5)
[1102/215812.923:ERROR:process_reader_win.cc(151)] SuspendThread: Access is denied. (0x5)
[1102/215812.923:ERROR:process_reader_win.cc(151)] SuspendThread: Access is denied. (0x5)
[1102/215812.923:ERROR:process_reader_win.cc(151)] SuspendThread: Access is denied. (0x5)
[1102/215812.923:ERROR:process_reader_win.cc(151)] SuspendThread: Access is denied. (0x5)
[1102/215812.923:ERROR:process_reader_win.cc(151)] SuspendThread: Access is denied. (0x5)
[1102/215812.923:ERROR:process_reader_win.cc(151)] SuspendThread: Access is denied. (0x5)
[1102/215812.923:ERROR:process_reader_win.cc(151)] SuspendThread: Access is denied. (0x5)
[1102/215812.923:ERROR:process_reader_win.cc(123)] NtOpenThread: {Access Denied} A process has requested access to an object, but has not been granted those access rights. (0xc0000022)
[1102/215812.924:ERROR:exception_snapshot_win.cc(99)] thread ID 5468 not found in process
[1102/215812.928:ERROR:process_reader_win.cc(151)] SuspendThread: Access is denied. (0x5)
[1102/215812.928:ERROR:process_reader_win.cc(151)] SuspendThread: Access is denied. (0x5)
[1102/215812.928:ERROR:process_reader_win.cc(151)] SuspendThread: Access is denied. (0x5)
[1102/215812.928:ERROR:process_reader_win.cc(151)] SuspendThread: Access is denied. (0x5)
[1102/215812.928:ERROR:process_reader_win.cc(151)] SuspendThread: Access is denied. (0x5)
[1102/215812.928:ERROR:process_reader_win.cc(151)] SuspendThread: Access is denied. (0x5)
[1102/215812.928:ERROR:process_reader_win.cc(151)] SuspendThread: Access is denied. (0x5)
[1102/215812.928:ERROR:process_reader_win.cc(151)] SuspendThread: Access is denied. (0x5)
[1102/215812.928:ERROR:process_reader_win.cc(151)] SuspendThread: Access is denied. (0x5)
[1102/215812.928:ERROR:process_reader_win.cc(151)] SuspendThread: Access is denied. (0x5)
[1102/215812.928:ERROR:process_reader_win.cc(151)] SuspendThread: Access is denied. (0x5)
[1102/215812.928:ERROR:process_reader_win.cc(123)] NtOpenThread: {Access Denied} A process has requested access to an object, but has not been granted those access rights. (0xc0000022)
[1102/215812.928:ERROR:exception_snapshot_win.cc(99)] thread ID 20564 not found in process
[1102/215812.948:ERROR:process_reader_win.cc(151)] SuspendThread: Access is denied. (0x5)
[1102/215812.948:ERROR:process_reader_win.cc(151)] SuspendThread: Access is denied. (0x5)
[1102/215812.948:ERROR:process_reader_win.cc(151)] SuspendThread: Access is denied. (0x5)
[1102/215812.948:ERROR:process_reader_win.cc(151)] SuspendThread: Access is denied. (0x5)
[1102/215812.948:ERROR:process_reader_win.cc(151)] SuspendThread: Access is denied. (0x5)
[1102/215812.948:ERROR:process_reader_win.cc(151)] SuspendThread: Access is denied. (0x5)
[1102/215812.948:ERROR:process_reader_win.cc(151)] SuspendThread: Access is denied. (0x5)
[1102/215812.948:ERROR:process_reader_win.cc(151)] SuspendThread: Access is denied. (0x5)
[1102/215812.948:ERROR:process_reader_win.cc(151)] SuspendThread: Access is denied. (0x5)
[1102/215812.948:ERROR:process_reader_win.cc(151)] SuspendThread: Access is denied. (0x5)
[1102/215812.948:ERROR:process_reader_win.cc(151)] SuspendThread: Access is denied. (0x5)
[1102/215812.948:ERROR:process_reader_win.cc(151)] SuspendThread: Access is denied. (0x5)
[1102/215812.948:ERROR:process_reader_win.cc(123)] NtOpenThread: {Access Denied} A process has requested access to an object, but has not been granted those access rights. (0xc0000022)
[1102/215812.948:ERROR:exception_snapshot_win.cc(99)] thread ID 8324 not found in process
[1102/215812.951:ERROR:process_reader_win.cc(151)] SuspendThread: Access is denied. (0x5)
[1102/215812.951:ERROR:process_reader_win.cc(151)] SuspendThread: Access is denied. (0x5)
[1102/215812.951:ERROR:process_reader_win.cc(151)] SuspendThread: Access is denied. (0x5)
[1102/215812.951:ERROR:process_reader_win.cc(151)] SuspendThread: Access is denied. (0x5)
[1102/215812.951:ERROR:process_reader_win.cc(151)] SuspendThread: Access is denied. (0x5)
[1102/215812.951:ERROR:process_reader_win.cc(151)] SuspendThread: Access is denied. (0x5)
[1102/215812.951:ERROR:process_reader_win.cc(151)] SuspendThread: Access is denied. (0x5)
[1102/215812.951:ERROR:process_reader_win.cc(151)] SuspendThread: Access is denied. (0x5)
[1102/215812.951:ERROR:process_reader_win.cc(151)] SuspendThread: Access is denied. (0x5)
[1102/215812.951:ERROR:process_reader_win.cc(151)] SuspendThread: Access is denied. (0x5)
[1102/215812.951:ERROR:process_reader_win.cc(151)] SuspendThread: Access is denied. (0x5)
[1102/215812.951:ERROR:process_reader_win.cc(151)] SuspendThread: Access is denied. (0x5)
[1102/215812.951:ERROR:process_reader_win.cc(151)] SuspendThread: Access is denied. (0x5)
[1102/215812.951:ERROR:process_reader_win.cc(151)] SuspendThread: Access is denied. (0x5)
[1102/215812.951:ERROR:process_reader_win.cc(151)] SuspendThread: Access is denied. (0x5)
[1102/215812.951:ERROR:process_reader_win.cc(151)] SuspendThread: Access is denied. (0x5)
[1102/215812.951:ERROR:process_reader_win.cc(151)] SuspendThread: Access is denied. (0x5)
[1102/215812.951:ERROR:process_reader_win.cc(151)] SuspendThread: Access is denied. (0x5)
[1102/215812.951:ERROR:process_reader_win.cc(151)] SuspendThread: Access is denied. (0x5)
[1102/215812.951:ERROR:process_reader_win.cc(151)] SuspendThread: Access is denied. (0x5)
[1102/215812.951:ERROR:process_reader_win.cc(151)] SuspendThread: Access is denied. (0x5)
[1102/215812.951:ERROR:process_reader_win.cc(151)] SuspendThread: Access is denied. (0x5)
[1102/215812.951:ERROR:process_reader_win.cc(151)] SuspendThread: Access is denied. (0x5)
[1102/215812.951:ERROR:process_reader_win.cc(123)] NtOpenThread: {Access Denied} A process has requested access to an object, but has not been granted those access rights. (0xc0000022)
[1102/215812.951:ERROR:process_reader_win.cc(123)] NtOpenThread: {Access Denied} A process has requested access to an object, but has not been granted those access rights. (0xc0000022)
[1102/215812.951:ERROR:exception_snapshot_win.cc(99)] thread ID 15668 not found in process
[1102/215812.951:ERROR:exception_snapshot_win.cc(99)] thread ID 17036 not found in process
[1102/215812.958:ERROR:process_reader_win.cc(151)] SuspendThread: Access is denied. (0x5)
[1102/215812.958:ERROR:process_reader_win.cc(151)] SuspendThread: Access is denied. (0x5)
[1102/215812.958:ERROR:process_reader_win.cc(151)] SuspendThread: Access is denied. (0x5)
[1102/215812.958:ERROR:process_reader_win.cc(151)] SuspendThread: Access is denied. (0x5)
[1102/215812.958:ERROR:process_reader_win.cc(151)] SuspendThread: Access is denied. (0x5)
[1102/215812.958:ERROR:process_reader_win.cc(151)] SuspendThread: Access is denied. (0x5)
[1102/215812.958:ERROR:process_reader_win.cc(151)] SuspendThread: Access is denied. (0x5)
[1102/215812.958:ERROR:process_reader_win.cc(151)] SuspendThread: Access is denied. (0x5)
[1102/215812.958:ERROR:process_reader_win.cc(151)] SuspendThread: Access is denied. (0x5)
[1102/215812.958:ERROR:process_reader_win.cc(151)] SuspendThread: Access is denied. (0x5)
[1102/215812.959:ERROR:process_reader_win.cc(151)] SuspendThread: Access is denied. (0x5)
[1102/215812.959:ERROR:process_reader_win.cc(151)] SuspendThread: Access is denied. (0x5)
[1102/215812.959:ERROR:process_reader_win.cc(123)] NtOpenThread: {Access Denied} A process has requested access to an object, but has not been granted those access rights. (0xc0000022)
[1102/215812.959:ERROR:exception_snapshot_win.cc(99)] thread ID 12948 not found in process
[1102/215812.976:ERROR:process_reader_win.cc(151)] SuspendThread: Access is denied. (0x5)
[1102/215812.977:ERROR:process_reader_win.cc(151)] SuspendThread: Access is denied. (0x5)
[1102/215812.977:ERROR:process_reader_win.cc(151)] SuspendThread: Access is denied. (0x5)
[1102/215812.977:ERROR:process_reader_win.cc(151)] SuspendThread: Access is denied. (0x5)
[1102/215812.977:ERROR:process_reader_win.cc(151)] SuspendThread: Access is denied. (0x5)
[1102/215812.977:ERROR:process_reader_win.cc(151)] SuspendThread: Access is denied. (0x5)
[1102/215812.977:ERROR:process_reader_win.cc(151)] SuspendThread: Access is denied. (0x5)
[1102/215812.977:ERROR:process_reader_win.cc(151)] SuspendThread: Access is denied. (0x5)
[1102/215812.977:ERROR:process_reader_win.cc(151)] SuspendThread: Access is denied. (0x5)
[1102/215812.977:ERROR:process_reader_win.cc(151)] SuspendThread: Access is denied. (0x5)
[1102/215812.977:ERROR:process_reader_win.cc(151)] SuspendThread: Access is denied. (0x5)
[1102/215812.977:ERROR:process_reader_win.cc(123)] NtOpenThread: {Access Denied} A process has requested access to an object, but has not been granted those access rights. (0xc0000022)
[1102/215812.977:ERROR:exception_snapshot_win.cc(99)] thread ID 5076 not found in process
[1102/215812.978:ERROR:process_reader_win.cc(151)] SuspendThread: Access is denied. (0x5)
[1102/215812.978:ERROR:process_reader_win.cc(151)] SuspendThread: Access is denied. (0x5)
[1102/215812.978:ERROR:process_reader_win.cc(151)] SuspendThread: Access is denied. (0x5)
[1102/215812.978:ERROR:process_reader_win.cc(151)] SuspendThread: Access is denied. (0x5)
[1102/215812.979:ERROR:process_reader_win.cc(151)] SuspendThread: Access is denied. (0x5)
[1102/215812.979:ERROR:process_reader_win.cc(151)] SuspendThread: Access is denied. (0x5)
[1102/215812.979:ERROR:process_reader_win.cc(151)] SuspendThread: Access is denied. (0x5)
[1102/215812.979:ERROR:process_reader_win.cc(151)] SuspendThread: Access is denied. (0x5)
[1102/215812.979:ERROR:process_reader_win.cc(151)] SuspendThread: Access is denied. (0x5)
[1102/215812.979:ERROR:process_reader_win.cc(151)] SuspendThread: Access is denied. (0x5)
[1102/215812.979:ERROR:process_reader_win.cc(151)] SuspendThread: Access is denied. (0x5)
[1102/215812.979:ERROR:process_reader_win.cc(123)] NtOpenThread: {Access Denied} A process has requested access to an object, but has not been granted those access rights. (0xc0000022)
[1102/215812.980:ERROR:process_reader_win.cc(151)] SuspendThread: Access is denied. (0x5)
[1102/215812.980:ERROR:process_reader_win.cc(151)] SuspendThread: Access is denied. (0x5)
[1102/215812.980:ERROR:process_reader_win.cc(151)] SuspendThread: Access is denied. (0x5)
[1102/215812.980:ERROR:process_reader_win.cc(151)] SuspendThread: Access is denied. (0x5)
[1102/215812.980:ERROR:process_reader_win.cc(151)] SuspendThread: Access is denied. (0x5)
[1102/215812.980:ERROR:process_reader_win.cc(151)] SuspendThread: Access is denied. (0x5)
[1102/215812.980:ERROR:process_reader_win.cc(151)] SuspendThread: Access is denied. (0x5)
[1102/215812.980:ERROR:process_reader_win.cc(151)] SuspendThread: Access is denied. (0x5)
[1102/215812.980:ERROR:process_reader_win.cc(151)] SuspendThread: Access is denied. (0x5)
[1102/215812.980:ERROR:process_reader_win.cc(151)] SuspendThread: Access is denied. (0x5)
[1102/215812.980:ERROR:process_reader_win.cc(151)] SuspendThread: Access is denied. (0x5)
[1102/215812.980:ERROR:process_reader_win.cc(151)] SuspendThread: Access is denied. (0x5)
[1102/215812.980:ERROR:process_reader_win.cc(151)] SuspendThread: Access is denied. (0x5)
[1102/215812.980:ERROR:process_reader_win.cc(123)] NtOpenThread: {Access Denied} A process has requested access to an object, but has not been granted those access rights. (0xc0000022)
[1102/215812.980:ERROR:exception_snapshot_win.cc(99)] thread ID 12240 not found in process
[1102/215812.980:ERROR:exception_snapshot_win.cc(99)] thread ID 12672 not found in process
[1102/215812.982:ERROR:process_reader_win.cc(151)] SuspendThread: Access is denied. (0x5)
[1102/215812.982:ERROR:process_reader_win.cc(151)] SuspendThread: Access is denied. (0x5)
[1102/215812.982:ERROR:process_reader_win.cc(151)] SuspendThread: Access is denied. (0x5)
[1102/215812.982:ERROR:process_reader_win.cc(151)] SuspendThread: Access is denied. (0x5)
[1102/215812.982:ERROR:process_reader_win.cc(151)] SuspendThread: Access is denied. (0x5)
[1102/215812.983:ERROR:process_reader_win.cc(151)] SuspendThread: Access is denied. (0x5)
[1102/215812.983:ERROR:process_reader_win.cc(151)] SuspendThread: Access is denied. (0x5)
[1102/215812.983:ERROR:process_reader_win.cc(151)] SuspendThread: Access is denied. (0x5)
[1102/215812.983:ERROR:process_reader_win.cc(151)] SuspendThread: Access is denied. (0x5)
[1102/215812.983:ERROR:process_reader_win.cc(151)] SuspendThread: Access is denied. (0x5)
[1102/215812.983:ERROR:process_reader_win.cc(151)] SuspendThread: Access is denied. (0x5)
[1102/215812.983:ERROR:process_reader_win.cc(123)] NtOpenThread: {Access Denied} A process has requested access to an object, but has not been granted those access rights. (0xc0000022)
[1102/215812.983:ERROR:exception_snapshot_win.cc(99)] thread ID 18144 not found in process
[1102/215813.008:ERROR:process_reader_win.cc(151)] SuspendThread: Access is denied. (0x5)
[1102/215813.008:ERROR:process_reader_win.cc(151)] SuspendThread: Access is denied. (0x5)
[1102/215813.008:ERROR:process_reader_win.cc(151)] SuspendThread: Access is denied. (0x5)
[1102/215813.008:ERROR:process_reader_win.cc(151)] SuspendThread: Access is denied. (0x5)
[1102/215813.008:ERROR:process_reader_win.cc(151)] SuspendThread: Access is denied. (0x5)
[1102/215813.008:ERROR:process_reader_win.cc(151)] SuspendThread: Access is denied. (0x5)
[1102/215813.008:ERROR:process_reader_win.cc(151)] SuspendThread: Access is denied. (0x5)
[1102/215813.008:ERROR:process_reader_win.cc(151)] SuspendThread: Access is denied. (0x5)
[1102/215813.008:ERROR:process_reader_win.cc(151)] SuspendThread: Access is denied. (0x5)
[1102/215813.008:ERROR:process_reader_win.cc(151)] SuspendThread: Access is denied. (0x5)
[1102/215813.008:ERROR:process_reader_win.cc(151)] SuspendThread: Access is denied. (0x5)
[1102/215813.008:ERROR:process_reader_win.cc(151)] SuspendThread: Access is denied. (0x5)
[1102/215813.008:ERROR:process_reader_win.cc(123)] NtOpenThread: {Access Denied} A process has requested access to an object, but has not been granted those access rights. (0xc0000022)
[1102/215813.009:ERROR:exception_snapshot_win.cc(99)] thread ID 7356 not found in process
[1102/215813.009:ERROR:process_reader_win.cc(151)] SuspendThread: Access is denied. (0x5)
[1102/215813.009:ERROR:process_reader_win.cc(151)] SuspendThread: Access is denied. (0x5)
[1102/215813.009:ERROR:process_reader_win.cc(151)] SuspendThread: Access is denied. (0x5)
[1102/215813.009:ERROR:process_reader_win.cc(151)] SuspendThread: Access is denied. (0x5)
[1102/215813.009:ERROR:process_reader_win.cc(151)] SuspendThread: Access is denied. (0x5)
[1102/215813.009:ERROR:process_reader_win.cc(151)] SuspendThread: Access is denied. (0x5)
[1102/215813.009:ERROR:process_reader_win.cc(151)] SuspendThread: Access is denied. (0x5)
[1102/215813.009:ERROR:process_reader_win.cc(151)] SuspendThread: Access is denied. (0x5)
[1102/215813.009:ERROR:process_reader_win.cc(151)] SuspendThread: Access is denied. (0x5)
[1102/215813.009:ERROR:process_reader_win.cc(151)] SuspendThread: Access is denied. (0x5)
[1102/215813.009:ERROR:process_reader_win.cc(151)] SuspendThread: Access is denied. (0x5)
[1102/215813.009:ERROR:process_reader_win.cc(151)] SuspendThread: Access is denied. (0x5)
[1102/215813.009:ERROR:process_reader_win.cc(151)] SuspendThread: Access is denied. (0x5)
[1102/215813.009:ERROR:process_reader_win.cc(151)] SuspendThread: Access is denied. (0x5)
[1102/215813.009:ERROR:process_reader_win.cc(151)] SuspendThread: Access is denied. (0x5)
[1102/215813.009:ERROR:process_reader_win.cc(151)] SuspendThread: Access is denied. (0x5)
[1102/215813.009:ERROR:process_reader_win.cc(151)] SuspendThread: Access is denied. (0x5)
[1102/215813.009:ERROR:process_reader_win.cc(151)] SuspendThread: Access is denied. (0x5)
[1102/215813.009:ERROR:process_reader_win.cc(151)] SuspendThread: Access is denied. (0x5)
[1102/215813.009:ERROR:process_reader_win.cc(151)] SuspendThread: Access is denied. (0x5)
[1102/215813.009:ERROR:process_reader_win.cc(151)] SuspendThread: Access is denied. (0x5)
[1102/215813.009:ERROR:process_reader_win.cc(151)] SuspendThread: Access is denied. (0x5)
[1102/215813.009:ERROR:process_reader_win.cc(123)] NtOpenThread: {Access Denied} A process has requested access to an object, but has not been granted those access rights. (0xc0000022)
[1102/215813.009:ERROR:exception_snapshot_win.cc(99)] thread ID 14804 not found in process
[1102/215813.009:ERROR:process_reader_win.cc(123)] NtOpenThread: {Access Denied} A process has requested access to an object, but has not been granted those access rights. (0xc0000022)
[1102/215813.009:ERROR:exception_snapshot_win.cc(99)] thread ID 12872 not found in process
[1102/215813.021:ERROR:process_reader_win.cc(151)] SuspendThread: Access is denied. (0x5)
[1102/215813.021:ERROR:process_reader_win.cc(151)] SuspendThread: Access is denied. (0x5)
[1102/215813.021:ERROR:process_reader_win.cc(151)] SuspendThread: Access is denied. (0x5)
[1102/215813.021:ERROR:process_reader_win.cc(151)] SuspendThread: Access is denied. (0x5)
[1102/215813.021:ERROR:process_reader_win.cc(151)] SuspendThread: Access is denied. (0x5)
[1102/215813.021:ERROR:process_reader_win.cc(151)] SuspendThread: Access is denied. (0x5)
[1102/215813.021:ERROR:process_reader_win.cc(151)] SuspendThread: Access is denied. (0x5)
[1102/215813.021:ERROR:process_reader_win.cc(151)] SuspendThread: Access is denied. (0x5)
[1102/215813.021:ERROR:process_reader_win.cc(151)] SuspendThread: Access is denied. (0x5)
[1102/215813.021:ERROR:process_reader_win.cc(151)] SuspendThread: Access is denied. (0x5)
[1102/215813.021:ERROR:process_reader_win.cc(151)] SuspendThread: Access is denied. (0x5)
[1102/215813.021:ERROR:process_reader_win.cc(151)] SuspendThread: Access is denied. (0x5)
[1102/215813.021:ERROR:process_reader_win.cc(123)] NtOpenThread: {Access Denied} A process has requested access to an object, but has not been granted those access rights. (0xc0000022)
[1102/215813.021:ERROR:exception_snapshot_win.cc(99)] thread ID 6100 not found in process
[1102/215813.042:ERROR:process_reader_win.cc(151)] SuspendThread: Access is denied. (0x5)
[1102/215813.042:ERROR:process_reader_win.cc(151)] SuspendThread: Access is denied. (0x5)
[1102/215813.042:ERROR:process_reader_win.cc(151)] SuspendThread: Access is denied. (0x5)
[1102/215813.042:ERROR:process_reader_win.cc(151)] SuspendThread: Access is denied. (0x5)
[1102/215813.042:ERROR:process_reader_win.cc(151)] SuspendThread: Access is denied. (0x5)
[1102/215813.042:ERROR:process_reader_win.cc(151)] SuspendThread: Access is denied. (0x5)
[1102/215813.042:ERROR:process_reader_win.cc(151)] SuspendThread: Access is denied. (0x5)
[1102/215813.042:ERROR:process_reader_win.cc(151)] SuspendThread: Access is denied. (0x5)
[1102/215813.042:ERROR:process_reader_win.cc(151)] SuspendThread: Access is denied. (0x5)
[1102/215813.042:ERROR:process_reader_win.cc(151)] SuspendThread: Access is denied. (0x5)
[1102/215813.042:ERROR:process_reader_win.cc(151)] SuspendThread: Access is denied. (0x5)
[1102/215813.042:ERROR:process_reader_win.cc(151)] SuspendThread: Access is denied. (0x5)
[1102/215813.042:ERROR:process_reader_win.cc(123)] NtOpenThread: {Access Denied} A process has requested access to an object, but has not been granted those access rights. (0xc0000022)
[1102/215813.042:ERROR:exception_snapshot_win.cc(99)] thread ID 13508 not found in process
[1102/215813.048:ERROR:process_reader_win.cc(151)] SuspendThread: Access is denied. (0x5)
[1102/215813.048:ERROR:process_reader_win.cc(151)] SuspendThread: Access is denied. (0x5)
[1102/215813.048:ERROR:process_reader_win.cc(151)] SuspendThread: Access is denied. (0x5)
[1102/215813.048:ERROR:process_reader_win.cc(151)] SuspendThread: Access is denied. (0x5)
[1102/215813.048:ERROR:process_reader_win.cc(151)] SuspendThread: Access is denied. (0x5)
[1102/215813.048:ERROR:process_reader_win.cc(151)] SuspendThread: Access is denied. (0x5)
[1102/215813.048:ERROR:process_reader_win.cc(151)] SuspendThread: Access is denied. (0x5)
[1102/215813.048:ERROR:process_reader_win.cc(151)] SuspendThread: Access is denied. (0x5)
[1102/215813.048:ERROR:process_reader_win.cc(151)] SuspendThread: Access is denied. (0x5)
[1102/215813.048:ERROR:process_reader_win.cc(151)] SuspendThread: Access is denied. (0x5)
[1102/215813.048:ERROR:process_reader_win.cc(151)] SuspendThread: Access is denied. (0x5)
[1102/215813.048:ERROR:process_reader_win.cc(151)] SuspendThread: Access is denied. (0x5)
[1102/215813.049:ERROR:process_reader_win.cc(151)] SuspendThread: Access is denied. (0x5)
[1102/215813.049:ERROR:process_reader_win.cc(151)] SuspendThread: Access is denied. (0x5)
[1102/215813.049:ERROR:process_reader_win.cc(151)] SuspendThread: Access is denied. (0x5)
[1102/215813.049:ERROR:process_reader_win.cc(151)] SuspendThread: Access is denied. (0x5)
[1102/215813.049:ERROR:process_reader_win.cc(151)] SuspendThread: Access is denied. (0x5)
[1102/215813.049:ERROR:process_reader_win.cc(151)] SuspendThread: Access is denied. (0x5)
[1102/215813.049:ERROR:process_reader_win.cc(151)] SuspendThread: Access is denied. (0x5)
[1102/215813.049:ERROR:process_reader_win.cc(151)] SuspendThread: Access is denied. (0x5)
[1102/215813.049:ERROR:process_reader_win.cc(151)] SuspendThread: Access is denied. (0x5)
[1102/215813.049:ERROR:process_reader_win.cc(151)] SuspendThread: Access is denied. (0x5)
[1102/215813.049:ERROR:process_reader_win.cc(151)] SuspendThread: Access is denied. (0x5)
[1102/215813.049:ERROR:process_reader_win.cc(151)] SuspendThread: Access is denied. (0x5)
[1102/215813.049:ERROR:process_reader_win.cc(151)] SuspendThread: Access is denied. (0x5)
[1102/215813.049:ERROR:process_reader_win.cc(151)] SuspendThread: Access is denied. (0x5)
[1102/215813.049:ERROR:process_reader_win.cc(151)] SuspendThread: Access is denied. (0x5)
[1102/215813.049:ERROR:process_reader_win.cc(123)] NtOpenThread: {Access Denied} A process has requested access to an object, but has not been granted those access rights. (0xc0000022)
[1102/215813.049:ERROR:exception_snapshot_win.cc(99)] thread ID 19796 not found in process
[1102/215813.049:ERROR:process_reader_win.cc(151)] SuspendThread: Access is denied. (0x5)
[1102/215813.049:ERROR:process_reader_win.cc(151)] SuspendThread: Access is denied. (0x5)
[1102/215813.049:ERROR:process_reader_win.cc(151)] SuspendThread: Access is denied. (0x5)
[1102/215813.049:ERROR:process_reader_win.cc(151)] SuspendThread: Access is denied. (0x5)
[1102/215813.049:ERROR:process_reader_win.cc(151)] SuspendThread: Access is denied. (0x5)
[1102/215813.049:ERROR:process_reader_win.cc(151)] SuspendThread: Access is denied. (0x5)
[1102/215813.049:ERROR:process_reader_win.cc(151)] SuspendThread: Access is denied. (0x5)
[1102/215813.049:ERROR:process_reader_win.cc(123)] NtOpenThread: {Access Denied} A process has requested access to an object, but has not been granted those access rights. (0xc0000022)
[1102/215813.049:ERROR:process_reader_win.cc(151)] SuspendThread: Access is denied. (0x5)
[1102/215813.049:ERROR:process_reader_win.cc(151)] SuspendThread: Access is denied. (0x5)
[1102/215813.049:ERROR:process_reader_win.cc(151)] SuspendThread: Access is denied. (0x5)
[1102/215813.049:ERROR:exception_snapshot_win.cc(99)] thread ID 6912 not found in process
[1102/215813.049:ERROR:process_reader_win.cc(151)] SuspendThread: Access is denied. (0x5)
[1102/215813.049:ERROR:process_reader_win.cc(151)] SuspendThread: Access is denied. (0x5)
[1102/215813.049:ERROR:process_reader_win.cc(151)] SuspendThread: Access is denied. (0x5)
[1102/215813.049:ERROR:process_reader_win.cc(123)] NtOpenThread: {Access Denied} A process has requested access to an object, but has not been granted those access rights. (0xc0000022)
[1102/215813.049:ERROR:exception_snapshot_win.cc(99)] thread ID 20404 not found in process
[1102/215813.064:ERROR:process_reader_win.cc(151)] SuspendThread: Access is denied. (0x5)
[1102/215813.064:ERROR:process_reader_win.cc(151)] SuspendThread: Access is denied. (0x5)
[1102/215813.064:ERROR:process_reader_win.cc(151)] SuspendThread: Access is denied. (0x5)
[1102/215813.065:ERROR:process_reader_win.cc(151)] SuspendThread: Access is denied. (0x5)
[1102/215813.065:ERROR:process_reader_win.cc(151)] SuspendThread: Access is denied. (0x5)
[1102/215813.065:ERROR:process_reader_win.cc(151)] SuspendThread: Access is denied. (0x5)
[1102/215813.065:ERROR:process_reader_win.cc(151)] SuspendThread: Access is denied. (0x5)
[1102/215813.065:ERROR:process_reader_win.cc(151)] SuspendThread: Access is denied. (0x5)
[1102/215813.065:ERROR:process_reader_win.cc(151)] SuspendThread: Access is denied. (0x5)
[1102/215813.065:ERROR:process_reader_win.cc(151)] SuspendThread: Access is denied. (0x5)
[1102/215813.065:ERROR:process_reader_win.cc(151)] SuspendThread: Access is denied. (0x5)
[1102/215813.065:ERROR:process_reader_win.cc(151)] SuspendThread: Access is denied. (0x5)
[1102/215813.065:ERROR:process_reader_win.cc(123)] NtOpenThread: {Access Denied} A process has requested access to an object, but has not been granted those access rights. (0xc0000022)
[1102/215813.065:ERROR:exception_snapshot_win.cc(99)] thread ID 4904 not found in process
[1102/215813.067:ERROR:process_reader_win.cc(151)] SuspendThread: Access is denied. (0x5)
[1102/215813.067:ERROR:process_reader_win.cc(151)] SuspendThread: Access is denied. (0x5)
[1102/215813.067:ERROR:process_reader_win.cc(151)] SuspendThread: Access is denied. (0x5)
[1102/215813.067:ERROR:process_reader_win.cc(151)] SuspendThread: Access is denied. (0x5)
[1102/215813.067:ERROR:process_reader_win.cc(151)] SuspendThread: Access is denied. (0x5)
[1102/215813.067:ERROR:process_reader_win.cc(151)] SuspendThread: Access is denied. (0x5)
[1102/215813.067:ERROR:process_reader_win.cc(151)] SuspendThread: Access is denied. (0x5)
[1102/215813.067:ERROR:process_reader_win.cc(151)] SuspendThread: Access is denied. (0x5)
[1102/215813.067:ERROR:process_reader_win.cc(151)] SuspendThread: Access is denied. (0x5)
[1102/215813.067:ERROR:process_reader_win.cc(151)] SuspendThread: Access is denied. (0x5)
[1102/215813.068:ERROR:process_reader_win.cc(151)] SuspendThread: Access is denied. (0x5)
[1102/215813.068:ERROR:process_reader_win.cc(151)] SuspendThread: Access is denied. (0x5)
[1102/215813.068:ERROR:process_reader_win.cc(123)] NtOpenThread: {Access Denied} A process has requested access to an object, but has not been granted those access rights. (0xc0000022)
[1102/215813.068:ERROR:exception_snapshot_win.cc(99)] thread ID 20472 not found in process
[1102/215813.070:ERROR:process_reader_win.cc(151)] SuspendThread: Access is denied. (0x5)
[1102/215813.070:ERROR:process_reader_win.cc(151)] SuspendThread: Access is denied. (0x5)
[1102/215813.070:ERROR:process_reader_win.cc(151)] SuspendThread: Access is denied. (0x5)
[1102/215813.070:ERROR:process_reader_win.cc(151)] SuspendThread: Access is denied. (0x5)
[1102/215813.070:ERROR:process_reader_win.cc(151)] SuspendThread: Access is denied. (0x5)
[1102/215813.071:ERROR:process_reader_win.cc(151)] SuspendThread: Access is denied. (0x5)
[1102/215813.071:ERROR:process_reader_win.cc(151)] SuspendThread: Access is denied. (0x5)
[1102/215813.071:ERROR:process_reader_win.cc(151)] SuspendThread: Access is denied. (0x5)
[1102/215813.071:ERROR:process_reader_win.cc(151)] SuspendThread: Access is denied. (0x5)
[1102/215813.071:ERROR:process_reader_win.cc(151)] SuspendThread: Access is denied. (0x5)
[1102/215813.071:ERROR:process_reader_win.cc(151)] SuspendThread: Access is denied. (0x5)
[1102/215813.071:ERROR:process_reader_win.cc(151)] SuspendThread: Access is denied. (0x5)
[1102/215813.071:ERROR:process_reader_win.cc(123)] NtOpenThread: {Access Denied} A process has requested access to an object, but has not been granted those access rights. (0xc0000022)
[1102/215813.071:ERROR:exception_snapshot_win.cc(99)] thread ID 17868 not found in process
[1102/215813.078:ERROR:process_reader_win.cc(151)] SuspendThread: Access is denied. (0x5)
[1102/215813.078:ERROR:process_reader_win.cc(151)] SuspendThread: Access is denied. (0x5)
[1102/215813.078:ERROR:process_reader_win.cc(151)] SuspendThread: Access is denied. (0x5)
[1102/215813.078:ERROR:process_reader_win.cc(151)] SuspendThread: Access is denied. (0x5)
[1102/215813.078:ERROR:process_reader_win.cc(151)] SuspendThread: Access is denied. (0x5)
[1102/215813.078:ERROR:process_reader_win.cc(151)] SuspendThread: Access is denied. (0x5)
[1102/215813.078:ERROR:process_reader_win.cc(151)] SuspendThread: Access is denied. (0x5)
[1102/215813.079:ERROR:process_reader_win.cc(151)] SuspendThread: Access is denied. (0x5)
[1102/215813.079:ERROR:process_reader_win.cc(151)] SuspendThread: Access is denied. (0x5)
[1102/215813.079:ERROR:process_reader_win.cc(151)] SuspendThread: Access is denied. (0x5)
[1102/215813.079:ERROR:process_reader_win.cc(151)] SuspendThread: Access is denied. (0x5)
[1102/215813.079:ERROR:process_reader_win.cc(151)] SuspendThread: Access is denied. (0x5)
[1102/215813.081:ERROR:process_reader_win.cc(123)] NtOpenThread: {Access Denied} A process has requested access to an object, but has not been granted those access rights. (0xc0000022)
[1102/215813.081:ERROR:exception_snapshot_win.cc(99)] thread ID 11964 not found in process
[1102/215813.088:ERROR:process_reader_win.cc(151)] SuspendThread: Access is denied. (0x5)
[1102/215813.088:ERROR:process_reader_win.cc(151)] SuspendThread: Access is denied. (0x5)
[1102/215813.088:ERROR:process_reader_win.cc(151)] SuspendThread: Access is denied. (0x5)
[1102/215813.088:ERROR:process_reader_win.cc(151)] SuspendThread: Access is denied. (0x5)
[1102/215813.088:ERROR:process_reader_win.cc(151)] SuspendThread: Access is denied. (0x5)
[1102/215813.088:ERROR:process_reader_win.cc(151)] SuspendThread: Access is denied. (0x5)
[1102/215813.088:ERROR:process_reader_win.cc(151)] SuspendThread: Access is denied. (0x5)
[1102/215813.088:ERROR:process_reader_win.cc(151)] SuspendThread: Access is denied. (0x5)
[1102/215813.088:ERROR:process_reader_win.cc(151)] SuspendThread: Access is denied. (0x5)
[1102/215813.088:ERROR:process_reader_win.cc(151)] SuspendThread: Access is denied. (0x5)
[1102/215813.088:ERROR:process_reader_win.cc(151)] SuspendThread: Access is denied. (0x5)
[1102/215813.088:ERROR:process_reader_win.cc(151)] SuspendThread: Access is denied. (0x5)
[1102/215813.088:ERROR:process_reader_win.cc(123)] NtOpenThread: {Access Denied} A process has requested access to an object, but has not been granted those access rights. (0xc0000022)
[1102/215813.088:ERROR:exception_snapshot_win.cc(99)] thread ID 18464 not found in process
[1102/215813.092:ERROR:process_reader_win.cc(151)] SuspendThread: Access is denied. (0x5)
[1102/215813.092:ERROR:process_reader_win.cc(151)] SuspendThread: Access is denied. (0x5)
[1102/215813.092:ERROR:process_reader_win.cc(151)] SuspendThread: Access is denied. (0x5)
[1102/215813.092:ERROR:process_reader_win.cc(151)] SuspendThread: Access is denied. (0x5)
[1102/215813.092:ERROR:process_reader_win.cc(151)] SuspendThread: Access is denied. (0x5)
[1102/215813.092:ERROR:process_reader_win.cc(151)] SuspendThread: Access is denied. (0x5)
[1102/215813.092:ERROR:process_reader_win.cc(151)] SuspendThread: Access is denied. (0x5)
[1102/215813.092:ERROR:process_reader_win.cc(151)] SuspendThread: Access is denied. (0x5)
[1102/215813.092:ERROR:process_reader_win.cc(151)] SuspendThread: Access is denied. (0x5)
[1102/215813.092:ERROR:process_reader_win.cc(151)] SuspendThread: Access is denied. (0x5)
[1102/215813.092:ERROR:process_reader_win.cc(123)] NtOpenThread: {Access Denied} A process has requested access to an object, but has not been granted those access rights. (0xc0000022)
[1102/215813.092:ERROR:exception_snapshot_win.cc(99)] thread ID 16724 not found in process
[1102/215813.093:ERROR:process_reader_win.cc(151)] SuspendThread: Access is denied. (0x5)
[1102/215813.093:ERROR:process_reader_win.cc(151)] SuspendThread: Access is denied. (0x5)
[1102/215813.093:ERROR:process_reader_win.cc(151)] SuspendThread: Access is denied. (0x5)
[1102/215813.093:ERROR:process_reader_win.cc(151)] SuspendThread: Access is denied. (0x5)
[1102/215813.093:ERROR:process_reader_win.cc(151)] SuspendThread: Access is denied. (0x5)
[1102/215813.093:ERROR:process_reader_win.cc(151)] SuspendThread: Access is denied. (0x5)
[1102/215813.093:ERROR:process_reader_win.cc(151)] SuspendThread: Access is denied. (0x5)
[1102/215813.093:ERROR:process_reader_win.cc(151)] SuspendThread: Access is denied. (0x5)
[1102/215813.093:ERROR:process_reader_win.cc(151)] SuspendThread: Access is denied. (0x5)
[1102/215813.093:ERROR:process_reader_win.cc(151)] SuspendThread: Access is denied. (0x5)
[1102/215813.093:ERROR:process_reader_win.cc(151)] SuspendThread: Access is denied. (0x5)
[1102/215813.093:ERROR:process_reader_win.cc(123)] NtOpenThread: {Access Denied} A process has requested access to an object, but has not been granted those access rights. (0xc0000022)
[1102/215813.093:ERROR:exception_snapshot_win.cc(99)] thread ID 16652 not found in process
[1102/215813.102:ERROR:process_reader_win.cc(151)] SuspendThread: Access is denied. (0x5)
[1102/215813.102:ERROR:process_reader_win.cc(151)] SuspendThread: Access is denied. (0x5)
[1102/215813.102:ERROR:process_reader_win.cc(151)] SuspendThread: Access is denied. (0x5)
[1102/215813.102:ERROR:process_reader_win.cc(151)] SuspendThread: Access is denied. (0x5)
[1102/215813.103:ERROR:process_reader_win.cc(151)] SuspendThread: Access is denied. (0x5)
[1102/215813.103:ERROR:process_reader_win.cc(151)] SuspendThread: Access is denied. (0x5)
[1102/215813.103:ERROR:process_reader_win.cc(151)] SuspendThread: Access is denied. (0x5)
[1102/215813.103:ERROR:process_reader_win.cc(151)] SuspendThread: Access is denied. (0x5)
[1102/215813.103:ERROR:process_reader_win.cc(151)] SuspendThread: Access is denied. (0x5)
[1102/215813.103:ERROR:process_reader_win.cc(151)] SuspendThread: Access is denied. (0x5)
[1102/215813.103:ERROR:process_reader_win.cc(123)] NtOpenThread: {Access Denied} A process has requested access to an object, but has not been granted those access rights. (0xc0000022)
[1102/215813.103:ERROR:exception_snapshot_win.cc(99)] thread ID 1624 not found in process
[1102/221117.072:ERROR:directory_reader_win.cc(43)] FindFirstFile: The system cannot find the path specified. (0x3)
[1102/232613.676:ERROR:directory_reader_win.cc(43)] FindFirstFile: The system cannot find the path specified. (0x3)
[1102/233953.555:ERROR:directory_reader_win.cc(43)] FindFirstFile: The system cannot find the path specified. (0x3)
[1103/001424.258:ERROR:directory_reader_win.cc(43)] FindFirstFile: The system cannot find the path specified. (0x3)
[1103/004648.665:ERROR:directory_reader_win.cc(43)] FindFirstFile: The system cannot find the path specified. (0x3)
[1103/005103.304:ERROR:directory_reader_win.cc(43)] FindFirstFile: The system cannot find the path specified. (0x3)
[1103/010537.897:ERROR:directory_reader_win.cc(43)] FindFirstFile: The system cannot find the path specified. (0x3)
[1103/011807.897:ERROR:directory_reader_win.cc(43)] FindFirstFile: The system cannot find the path specified. (0x3)
[1103/012119.493:ERROR:directory_reader_win.cc(43)] FindFirstFile: The system cannot find the path specified. (0x3)
[1103/013340.416:ERROR:directory_reader_win.cc(43)] FindFirstFile: The system cannot find the path specified. (0x3)
[1103/013705.165:ERROR:directory_reader_win.cc(43)] FindFirstFile: The system cannot find the path specified. (0x3)
[1103/150209.354:ERROR:directory_reader_win.cc(43)] FindFirstFile: The system cannot find the path specified. (0x3)
[1103/152223.938:ERROR:directory_reader_win.cc(43)] FindFirstFile: The system cannot find the path specified. (0x3)
[1103/152609.015:ERROR:directory_reader_win.cc(43)] FindFirstFile: The system cannot find the path specified. (0x3)
[1103/153908.973:ERROR:directory_reader_win.cc(43)] FindFirstFile: The system cannot find the path specified. (0x3)
[1103/155646.963:ERROR:directory_reader_win.cc(43)] FindFirstFile: The system cannot find the path specified. (0x3)
[1103/161104.670:ERROR:directory_reader_win.cc(43)] FindFirstFile: The system cannot find the path specified. (0x3)
[1103/162428.678:ERROR:directory_reader_win.cc(43)] FindFirstFile: The system cannot find the path specified. (0x3)
[1103/163927.593:ERROR:directory_reader_win.cc(43)] FindFirstFile: The system cannot find the path specified. (0x3)
[1103/191241.740:ERROR:directory_reader_win.cc(43)] FindFirstFile: The system cannot find the path specified. (0x3)
[1103/193809.483:ERROR:directory_reader_win.cc(43)] FindFirstFile: The system cannot find the path specified. (0x3)
[1103/213858.794:ERROR:directory_reader_win.cc(43)] FindFirstFile: The system cannot find the path specified. (0x3)
[1103/215151.397:ERROR:directory_reader_win.cc(43)] FindFirstFile: The system cannot find the path specified. (0x3)
[1103/220557.966:ERROR:directory_reader_win.cc(43)] FindFirstFile: The system cannot find the path specified. (0x3)
[1103/224953.132:ERROR:directory_reader_win.cc(43)] FindFirstFile: The system cannot find the path specified. (0x3)
[1103/230026.195:ERROR:directory_reader_win.cc(43)] FindFirstFile: The system cannot find the path specified. (0x3)
[1103/231938.827:ERROR:directory_reader_win.cc(43)] FindFirstFile: The system cannot find the path specified. (0x3)
[1104/123947.809:ERROR:directory_reader_win.cc(43)] FindFirstFile: The system cannot find the path specified. (0x3)
[1104/124731.442:ERROR:directory_reader_win.cc(43)] FindFirstFile: The system cannot find the path specified. (0x3)
[1104/125058.855:ERROR:directory_reader_win.cc(43)] FindFirstFile: The system cannot find the path specified. (0x3)
[1104/130456.042:ERROR:directory_reader_win.cc(43)] FindFirstFile: The system cannot find the path specified. (0x3)
[1104/130954.433:ERROR:directory_reader_win.cc(43)] FindFirstFile: The system cannot find the path specified. (0x3)
[1104/131850.722:ERROR:directory_reader_win.cc(43)] FindFirstFile: The system cannot find the path specified. (0x3)
[1104/133210.275:ERROR:directory_reader_win.cc(43)] FindFirstFile: The system cannot find the path specified. (0x3)
[1104/133421.179:ERROR:directory_reader_win.cc(43)] FindFirstFile: The system cannot find the path specified. (0x3)
[1104/135745.308:ERROR:directory_reader_win.cc(43)] FindFirstFile: The system cannot find the path specified. (0x3)
[1104/141717.137:ERROR:directory_reader_win.cc(43)] FindFirstFile: The system cannot find the path specified. (0x3)
[1104/141845.421:ERROR:directory_reader_win.cc(43)] FindFirstFile: The system cannot find the path specified. (0x3)
[1105/140706.803:ERROR:directory_reader_win.cc(43)] FindFirstFile: The system cannot find the path specified. (0x3)
[1105/140843.861:ERROR:directory_reader_win.cc(43)] FindFirstFile: The system cannot find the path specified. (0x3)
[1109/223847.721:ERROR:directory_reader_win.cc(43)] FindFirstFile: The system cannot find the path specified. (0x3)
[1109/224025.055:ERROR:directory_reader_win.cc(43)] FindFirstFile: The system cannot find the path specified. (0x3)
[1109/224843.722:ERROR:directory_reader_win.cc(43)] FindFirstFile: The system cannot find the path specified. (0x3)
[1111/123315.044:ERROR:directory_reader_win.cc(43)] FindFirstFile: The system cannot find the path specified. (0x3)
[1111/125243.083:ERROR:directory_reader_win.cc(43)] FindFirstFile: The system cannot find the path specified. (0x3)
[1111/165951.644:ERROR:directory_reader_win.cc(43)] FindFirstFile: The system cannot find the path specified. (0x3)
[1111/171517.901:ERROR:directory_reader_win.cc(43)] FindFirstFile: The system cannot find the path specified. (0x3)
